<?xml version="1.0" encoding="UTF-8"?>
<!-- Generated by org.testng.reporters.JUnitXMLReporter -->
<testsuite hostname="KNY-Dell1210" name="testGuru" tests="3" failures="0" timestamp="22 Dec 2015 19:56:20 GMT" time="12.562" errors="0">
  <testcase name="executSessionOne" time="6.476" classname="runMultipleMethods.TestGuru99MultipleSession"/>
  <testcase name="executSessionThree" time="6.867" classname="runMultipleMethods.TestGuru99MultipleSession"/>
  <testcase name="executeSessionTwo" time="6.06" classname="runMultipleMethods.TestGuru99MultipleSession"/>
</testsuite> <!-- testGuru -->
