<?xml version="1.0" encoding="UTF-8"?>
<testng-results skipped="0" failed="0" total="1" passed="1">
  <reporter-output>
  </reporter-output>
  <suite name="Default suite" duration-ms="17168" started-at="2016-01-12T23:48:06Z" finished-at="2016-01-12T23:48:24Z">
    <groups>
    </groups>
    <test name="Default test" duration-ms="17168" started-at="2016-01-12T23:48:06Z" finished-at="2016-01-12T23:48:24Z">
      <class name="jenkinsTests.AddProjectExportAndGridPageObjectsTest">
        <test-method status="PASS" signature="setUp()[pri:0, instance:jenkinsTests.AddProjectExportAndGridPageObjectsTest@ee2549]" name="setUp" is-config="true" duration-ms="7" started-at="2016-01-12T16:48:07Z" finished-at="2016-01-12T16:48:07Z">
          <reporter-output>
          </reporter-output>
        </test-method> <!-- setUp -->
        <test-method status="PASS" signature="testExportToJava()[pri:0, instance:jenkinsTests.AddProjectExportAndGridPageObjectsTest@ee2549]" name="testExportToJava" duration-ms="17119" started-at="2016-01-12T16:48:07Z" finished-at="2016-01-12T16:48:24Z">
          <reporter-output>
          </reporter-output>
        </test-method> <!-- testExportToJava -->
        <test-method status="PASS" signature="tearDown()[pri:0, instance:jenkinsTests.AddProjectExportAndGridPageObjectsTest@ee2549]" name="tearDown" is-config="true" duration-ms="0" started-at="2016-01-12T16:48:24Z" finished-at="2016-01-12T16:48:24Z">
          <reporter-output>
          </reporter-output>
        </test-method> <!-- tearDown -->
      </class> <!-- jenkinsTests.AddProjectExportAndGridPageObjectsTest -->
    </test> <!-- Default test -->
  </suite> <!-- Default suite -->
</testng-results>
