<?xml version="1.0" encoding="UTF-8"?>
<testng-results skipped="0" failed="0" total="2" passed="2">
  <reporter-output>
  </reporter-output>
  <suite name="Default suite" duration-ms="12530" started-at="2016-01-22T20:37:02Z" finished-at="2016-01-22T20:37:14Z">
    <groups>
    </groups>
    <test name="Default test" duration-ms="12530" started-at="2016-01-22T20:37:02Z" finished-at="2016-01-22T20:37:14Z">
      <class name="week2POM3DataDriven6Grid.AddProjectByGridPageObjectsTest">
        <test-method status="PASS" signature="setUp()[pri:0, instance:week2POM3DataDriven6Grid.AddProjectByGridPageObjectsTest@42058f]" name="setUp" is-config="true" duration-ms="4370" started-at="2016-01-22T13:37:02Z" finished-at="2016-01-22T13:37:06Z">
          <reporter-output>
          </reporter-output>
        </test-method> <!-- setUp -->
        <test-method status="PASS" signature="creatProjectTestToSearchOnHomePage()[pri:0, instance:week2POM3DataDriven6Grid.AddProjectByGridPageObjectsTest@42058f]" name="creatProjectTestToSearchOnHomePage" duration-ms="7239" started-at="2016-01-22T13:37:06Z" finished-at="2016-01-22T13:37:13Z">
          <reporter-output>
          </reporter-output>
        </test-method> <!-- creatProjectTestToSearchOnHomePage -->
        <test-method status="PASS" signature="searchHomePageForNewlyCreatedProjectTestingTheVariousWaysToUseXpathInTables()[pri:0, instance:week2POM3DataDriven6Grid.AddProjectByGridPageObjectsTest@42058f]" name="searchHomePageForNewlyCreatedProjectTestingTheVariousWaysToUseXpathInTables" duration-ms="905" started-at="2016-01-22T13:37:13Z" depends-on-methods="week2POM3DataDriven6Grid.AddProjectByGridPageObjectsTest.creatProjectTestToSearchOnHomePage" finished-at="2016-01-22T13:37:14Z">
          <reporter-output>
          </reporter-output>
        </test-method> <!-- searchHomePageForNewlyCreatedProjectTestingTheVariousWaysToUseXpathInTables -->
      </class> <!-- week2POM3DataDriven6Grid.AddProjectByGridPageObjectsTest -->
    </test> <!-- Default test -->
  </suite> <!-- Default suite -->
</testng-results>
